<?xml version="1.0" encoding="UTF-8"?>
<testng-results skipped="0" failed="0" ignored="0" total="2" passed="2">
  <reporter-output>
  </reporter-output>
  <suite name="Default suite" duration-ms="3117" started-at="2021-04-26T10:34:52Z" finished-at="2021-04-26T10:34:55Z">
    <groups>
    </groups>
    <test name="Default test" duration-ms="3117" started-at="2021-04-26T10:34:52Z" finished-at="2021-04-26T10:34:55Z">
      <class name="test.API_Post_User_Get_User">
        <test-method status="PASS" signature="initialize()[pri:0, instance:test.API_Post_User_Get_User@29ca901e]" name="initialize" is-config="true" duration-ms="709" started-at="2021-04-26T10:34:51Z" finished-at="2021-04-26T10:34:52Z">
          <reporter-output>
          </reporter-output>
        </test-method> <!-- initialize -->
        <test-method status="PASS" signature="CreateUser(java.util.Hashtable)[pri:1, instance:test.API_Post_User_Get_User@29ca901e]" name="CreateUser" duration-ms="2855" started-at="2021-04-26T10:34:52Z" data-provider="getData" finished-at="2021-04-26T10:34:55Z">
          <params>
            <param index="0">
              <value>
                <![CDATA[{TC_ID=2.0, name=preetik, email=er.preetikaur28@gmail.com, Request_URL_Post=http://99.80.111.168:8080//api/user/, Request URL=http://99.80.111.168:8080/api/user/}]]>
              </value>
            </param>
          </params>
          <reporter-output>
          </reporter-output>
        </test-method> <!-- CreateUser -->
        <test-method status="PASS" signature="getUser(java.util.Hashtable)[pri:0, instance:test.API_Post_User_Get_User@29ca901e]" name="getUser" duration-ms="224" started-at="2021-04-26T10:34:55Z" data-provider="getData" depends-on-methods="test.API_Post_User_Get_User.CreateUser" finished-at="2021-04-26T10:34:55Z">
          <params>
            <param index="0">
              <value>
                <![CDATA[{TC_ID=2.0, name=preetik, email=er.preetikaur28@gmail.com, Request_URL_Post=http://99.80.111.168:8080//api/user/, Request URL=http://99.80.111.168:8080/api/user/}]]>
              </value>
            </param>
          </params>
          <reporter-output>
          </reporter-output>
        </test-method> <!-- getUser -->
      </class> <!-- test.API_Post_User_Get_User -->
    </test> <!-- Default test -->
  </suite> <!-- Default suite -->
</testng-results>
